build/app/intermediates/manifest_merge_blame_file/release/manifest-merger-blame-release-report.txt
1<?xml version="1.0" encoding="utf-8"?>
2<manifest xmlns:android="http://schemas.android.com/apk/res/android"
3    package="com.sekho.app"
4    android:versionCode="1"
5    android:versionName="1.0.0" >
6
7    <uses-sdk
8        android:minSdkVersion="24"
8-->src/main/AndroidManifest.xml
9        android:targetSdkVersion="31" />
9-->src/main/AndroidManifest.xml
10
11    <uses-permission android:name="android.permission.READ_EXTERNAL_STORAGE" />
11-->src/main/AndroidManifest.xml:5:5-79
11-->src/main/AndroidManifest.xml:5:22-77
12    <uses-permission android:name="android.permission.WRITE_EXTERNAL_STORAGE" />
12-->src/main/AndroidManifest.xml:6:5-80
12-->src/main/AndroidManifest.xml:6:22-78
13    <uses-permission android:name="android.permission.INTERNET" />
13-->src/main/AndroidManifest.xml:7:2-63
13-->src/main/AndroidManifest.xml:7:19-61
14    <uses-permission android:name="android.permission.READ_PHONE_STATE" />
14-->src/main/AndroidManifest.xml:8:5-74
14-->src/main/AndroidManifest.xml:8:22-72
15    <uses-permission android:name="android.permission.CAMERA" />
15-->src/main/AndroidManifest.xml:9:5-64
15-->src/main/AndroidManifest.xml:9:22-62
16    <uses-permission android:name="android.permission.BLUETOOTH" />
16-->src/main/AndroidManifest.xml:10:5-67
16-->src/main/AndroidManifest.xml:10:22-65
17    <uses-permission android:name="android.permission.WRITE_CALENDAR" />
17-->src/main/AndroidManifest.xml:11:5-73
17-->src/main/AndroidManifest.xml:11:22-70
18    <uses-permission android:name="android.permission.READ_CALENDAR" />
18-->src/main/AndroidManifest.xml:12:5-72
18-->src/main/AndroidManifest.xml:12:22-69
19
20    <queries>
20-->src/main/AndroidManifest.xml:14:5-30:15
21
22        <!-- If your app opens https URLs -->
23        <intent>
23-->src/main/AndroidManifest.xml:16:9-19:18
24            <action android:name="android.intent.action.VIEW" />
24-->src/main/AndroidManifest.xml:17:13-65
24-->src/main/AndroidManifest.xml:17:21-62
25
26            <data android:scheme="https" />
26-->src/main/AndroidManifest.xml:18:13-44
26-->src/main/AndroidManifest.xml:18:19-41
27        </intent>
28        <!-- If your app makes calls -->
29        <intent>
29-->src/main/AndroidManifest.xml:21:9-24:18
30            <action android:name="android.intent.action.DIAL" />
30-->src/main/AndroidManifest.xml:22:13-65
30-->src/main/AndroidManifest.xml:22:21-62
31
32            <data android:scheme="tel" />
32-->src/main/AndroidManifest.xml:18:13-44
32-->src/main/AndroidManifest.xml:18:19-41
33        </intent>
34        <!-- If your app emails -->
35        <intent>
35-->src/main/AndroidManifest.xml:26:9-29:18
36            <action android:name="android.intent.action.SEND" />
36-->src/main/AndroidManifest.xml:27:13-65
36-->src/main/AndroidManifest.xml:27:21-62
37
38            <data android:mimeType="*/*" />
38-->src/main/AndroidManifest.xml:18:13-44
38-->src/main/AndroidManifest.xml:28:19-41
39        </intent>
40        <intent>
40-->[:file_picker] AndroidManifest.xml:10:9-14:18
41            <action android:name="android.intent.action.GET_CONTENT" />
41-->[:file_picker] AndroidManifest.xml:11:13-72
41-->[:file_picker] AndroidManifest.xml:11:21-69
42
43            <data android:mimeType="*/*" />
43-->src/main/AndroidManifest.xml:18:13-44
43-->src/main/AndroidManifest.xml:28:19-41
44        </intent>
45        <intent>
45-->[:flutter_inappwebview] AndroidManifest.xml:8:9-10:18
46            <action android:name="android.support.customtabs.action.CustomTabsService" />
46-->[:flutter_inappwebview] AndroidManifest.xml:9:13-90
46-->[:flutter_inappwebview] AndroidManifest.xml:9:21-87
47        </intent>
48        <intent>
48-->[:upi_india] AndroidManifest.xml:8:9-12:18
49            <action android:name="android.intent.action.VIEW" />
49-->src/main/AndroidManifest.xml:17:13-65
49-->src/main/AndroidManifest.xml:17:21-62
50
51            <data android:scheme="upi" />
51-->src/main/AndroidManifest.xml:18:13-44
51-->src/main/AndroidManifest.xml:18:19-41
52        </intent>
53
54        <package android:name="com.lcode.allahabadupi" />
54-->[:upi_india] AndroidManifest.xml:15:9-58
54-->[:upi_india] AndroidManifest.xml:15:18-55
55        <package android:name="in.amazon.mShop.android.shopping" />
55-->[:upi_india] AndroidManifest.xml:16:9-68
55-->[:upi_india] AndroidManifest.xml:16:18-65
56        <package android:name="com.upi.axispay" />
56-->[:upi_india] AndroidManifest.xml:17:9-51
56-->[:upi_india] AndroidManifest.xml:17:18-48
57        <package android:name="com.bankofbaroda.upi" />
57-->[:upi_india] AndroidManifest.xml:18:9-56
57-->[:upi_india] AndroidManifest.xml:18:18-53
58        <package android:name="in.org.npci.upiapp" />
58-->[:upi_india] AndroidManifest.xml:19:9-54
58-->[:upi_india] AndroidManifest.xml:19:18-51
59        <package android:name="com.infra.boiupi" />
59-->[:upi_india] AndroidManifest.xml:20:9-52
59-->[:upi_india] AndroidManifest.xml:20:18-49
60        <package android:name="com.infrasofttech.centralbankupi" />
60-->[:upi_india] AndroidManifest.xml:21:9-68
60-->[:upi_india] AndroidManifest.xml:21:18-65
61        <package android:name="in.cointab.app" />
61-->[:upi_india] AndroidManifest.xml:22:9-50
61-->[:upi_india] AndroidManifest.xml:22:18-47
62        <package android:name="com.lcode.corpupi" />
62-->[:upi_india] AndroidManifest.xml:23:9-53
62-->[:upi_india] AndroidManifest.xml:23:18-50
63        <package android:name="com.lcode.csbupi" />
63-->[:upi_india] AndroidManifest.xml:24:9-52
63-->[:upi_india] AndroidManifest.xml:24:18-49
64        <package android:name="com.cub.wallet.gui" />
64-->[:upi_india] AndroidManifest.xml:25:9-54
64-->[:upi_india] AndroidManifest.xml:25:18-51
65        <package android:name="com.dbs.in.digitalbank" />
65-->[:upi_india] AndroidManifest.xml:26:9-58
65-->[:upi_india] AndroidManifest.xml:26:18-55
66        <package android:name="com.olive.dcb.upi" />
66-->[:upi_india] AndroidManifest.xml:27:9-53
66-->[:upi_india] AndroidManifest.xml:27:18-50
67        <package android:name="com.equitasbank.upi" />
67-->[:upi_india] AndroidManifest.xml:28:9-55
67-->[:upi_india] AndroidManifest.xml:28:18-52
68        <package android:name="com.finopaytech.bpayfino" />
68-->[:upi_india] AndroidManifest.xml:29:9-60
68-->[:upi_india] AndroidManifest.xml:29:18-57
69        <package android:name="com.freecharge.android" />
69-->[:upi_india] AndroidManifest.xml:30:9-58
69-->[:upi_india] AndroidManifest.xml:30:18-55
70        <package android:name="com.google.android.apps.nbu.paisa.user" />
70-->[:upi_india] AndroidManifest.xml:31:9-74
70-->[:upi_india] AndroidManifest.xml:31:18-71
71        <package android:name="com.mgs.hsbcupi" />
71-->[:upi_india] AndroidManifest.xml:32:9-51
71-->[:upi_india] AndroidManifest.xml:32:18-48
72        <package android:name="com.csam.icici.bank.imobile" />
72-->[:upi_india] AndroidManifest.xml:33:9-63
72-->[:upi_india] AndroidManifest.xml:33:18-60
73        <package android:name="com.mgs.induspsp" />
73-->[:upi_india] AndroidManifest.xml:34:9-52
73-->[:upi_india] AndroidManifest.xml:34:18-49
74        <package android:name="com.lcode.smartz" />
74-->[:upi_india] AndroidManifest.xml:35:9-52
74-->[:upi_india] AndroidManifest.xml:35:18-49
75        <package android:name="com.khaalijeb.inkdrops" />
75-->[:upi_india] AndroidManifest.xml:36:9-58
75-->[:upi_india] AndroidManifest.xml:36:18-55
76        <package android:name="com.msf.kbank.mobile" />
76-->[:upi_india] AndroidManifest.xml:37:9-56
76-->[:upi_india] AndroidManifest.xml:37:18-53
77        <package android:name="com.infrasofttech.mahaupi" />
77-->[:upi_india] AndroidManifest.xml:38:9-61
77-->[:upi_india] AndroidManifest.xml:38:18-58
78        <package android:name="com.mipay.in.wallet" />
78-->[:upi_india] AndroidManifest.xml:39:9-55
78-->[:upi_india] AndroidManifest.xml:39:18-52
79        <package android:name="com.mipay.wallet.in" />
79-->[:upi_india] AndroidManifest.xml:40:9-55
79-->[:upi_india] AndroidManifest.xml:40:18-52
80        <package android:name="com.mobikwik_new" />
80-->[:upi_india] AndroidManifest.xml:41:9-52
80-->[:upi_india] AndroidManifest.xml:41:18-49
81        <package android:name="com.mgs.obcbank" />
81-->[:upi_india] AndroidManifest.xml:42:9-51
81-->[:upi_india] AndroidManifest.xml:42:18-48
82        <package android:name="net.one97.paytm" />
82-->[:upi_india] AndroidManifest.xml:43:9-51
82-->[:upi_india] AndroidManifest.xml:43:18-48
83        <package android:name="com.idbibank.paywiz" />
83-->[:upi_india] AndroidManifest.xml:44:9-55
83-->[:upi_india] AndroidManifest.xml:44:18-52
84        <package android:name="com.enstage.wibmo.hdfc" />
84-->[:upi_india] AndroidManifest.xml:45:9-58
84-->[:upi_india] AndroidManifest.xml:45:18-55
85        <package android:name="com.phonepe.app" />
85-->[:upi_india] AndroidManifest.xml:46:9-51
85-->[:upi_india] AndroidManifest.xml:46:18-48
86        <package android:name="com.fss.pnbpsp" />
86-->[:upi_india] AndroidManifest.xml:47:9-50
86-->[:upi_india] AndroidManifest.xml:47:18-47
87        <package android:name="com.mobileware.upipsb" />
87-->[:upi_india] AndroidManifest.xml:48:9-57
87-->[:upi_india] AndroidManifest.xml:48:18-54
88        <package android:name="com.rblbank.upi" />
88-->[:upi_india] AndroidManifest.xml:49:9-51
88-->[:upi_india] AndroidManifest.xml:49:18-48
89        <package android:name="com.realmepay.payments" />
89-->[:upi_india] AndroidManifest.xml:50:9-58
89-->[:upi_india] AndroidManifest.xml:50:18-55
90        <package android:name="com.sbi.upi" />
90-->[:upi_india] AndroidManifest.xml:51:9-47
90-->[:upi_india] AndroidManifest.xml:51:18-44
91        <package android:name="com.truecaller" />
91-->[:upi_india] AndroidManifest.xml:52:9-50
91-->[:upi_india] AndroidManifest.xml:52:18-47
92        <package android:name="com.fss.unbipsp" />
92-->[:upi_india] AndroidManifest.xml:53:9-51
92-->[:upi_india] AndroidManifest.xml:53:18-48
93        <package android:name="com.fss.vijayapsp" />
93-->[:upi_india] AndroidManifest.xml:54:9-53
93-->[:upi_india] AndroidManifest.xml:54:18-50
94        <package android:name="com.YesBank" /> <!-- Specific apps you interact with, eg: -->
94-->[:upi_india] AndroidManifest.xml:55:9-47
94-->[:upi_india] AndroidManifest.xml:55:18-44
95        <package android:name="com.paytm.pgsdk.TransactionManager.PAYTM_APP_PACKAGE" />
95-->[com.paytm.appinvokesdk:appinvokesdk:1.6.4] AndroidManifest.xml:12:9-88
95-->[com.paytm.appinvokesdk:appinvokesdk:1.6.4] AndroidManifest.xml:12:18-85
96        <!--
97             Specific intents you query for,
98             eg: for a custom share UI
99        -->
100        <intent>
100-->[com.paytm.appinvokesdk:appinvokesdk:1.6.4] AndroidManifest.xml:17:9-19:18
101            <action android:name="android.intent.action.MAIN" />
101-->src/main/AndroidManifest.xml:96:17-68
101-->src/main/AndroidManifest.xml:96:25-66
102        </intent>
103        <intent>
103-->[com.razorpay:checkout:1.6.26] AndroidManifest.xml:12:9-18:18
104            <action android:name="android.intent.action.VIEW" />
104-->src/main/AndroidManifest.xml:17:13-65
104-->src/main/AndroidManifest.xml:17:21-62
105
106            <data
106-->src/main/AndroidManifest.xml:18:13-44
107                android:mimeType="*/*"
107-->src/main/AndroidManifest.xml:28:19-41
108                android:scheme="*" />
108-->src/main/AndroidManifest.xml:18:19-41
109        </intent>
110        <intent>
110-->[com.razorpay:checkout:1.6.26] AndroidManifest.xml:19:9-28:18
111            <action android:name="android.intent.action.VIEW" />
111-->src/main/AndroidManifest.xml:17:13-65
111-->src/main/AndroidManifest.xml:17:21-62
112
113            <category android:name="android.intent.category.BROWSABLE" />
113-->src/main/AndroidManifest.xml:114:16-77
113-->src/main/AndroidManifest.xml:114:26-74
114
115            <data
115-->src/main/AndroidManifest.xml:18:13-44
116                android:host="pay"
117                android:mimeType="*/*"
117-->src/main/AndroidManifest.xml:28:19-41
118                android:scheme="upi" />
118-->src/main/AndroidManifest.xml:18:19-41
119        </intent>
120
121        <package android:name="com.facebook.katana" /> <!-- Needs to be explicitly declared on Android R+ -->
121-->[com.facebook.android:facebook-common:15.0.2] AndroidManifest.xml:30:9-55
121-->[com.facebook.android:facebook-common:15.0.2] AndroidManifest.xml:30:18-52
122        <package android:name="com.google.android.apps.maps" />
122-->[com.google.android.gms:play-services-maps:18.1.0] AndroidManifest.xml:33:9-64
122-->[com.google.android.gms:play-services-maps:18.1.0] AndroidManifest.xml:33:18-61
123
124        <intent>
124-->[androidx.media2:media2-session:1.2.0] AndroidManifest.xml:25:9-27:18
125            <action android:name="android.media.browse.MediaBrowserService" />
125-->[androidx.media2:media2-session:1.2.0] AndroidManifest.xml:26:13-79
125-->[androidx.media2:media2-session:1.2.0] AndroidManifest.xml:26:21-76
126        </intent>
127        <intent>
127-->[androidx.media2:media2-session:1.2.0] AndroidManifest.xml:28:9-30:18
128            <action android:name="androidx.media2.session.MediaSessionService" />
128-->[androidx.media2:media2-session:1.2.0] AndroidManifest.xml:29:13-82
128-->[androidx.media2:media2-session:1.2.0] AndroidManifest.xml:29:21-79
129        </intent>
130        <intent>
130-->[androidx.media2:media2-session:1.2.0] AndroidManifest.xml:31:9-33:18
131            <action android:name="androidx.media2.session.MediaLibraryService" />
131-->[androidx.media2:media2-session:1.2.0] AndroidManifest.xml:32:13-82
131-->[androidx.media2:media2-session:1.2.0] AndroidManifest.xml:32:21-79
132        </intent>
133        <intent>
133-->[:mobilertc:] AndroidManifest.xml:13:9-15:18
134            <action android:name="android.media.action.IMAGE_CAPTURE" />
134-->[:mobilertc:] AndroidManifest.xml:14:13-73
134-->[:mobilertc:] AndroidManifest.xml:14:21-70
135        </intent>
136        <intent>
136-->[:mobilertc:] AndroidManifest.xml:16:9-18:18
137            <action android:name="android.settings.action.MANAGE_OVERLAY_PERMISSION" />
137-->[:mobilertc:] AndroidManifest.xml:17:13-88
137-->[:mobilertc:] AndroidManifest.xml:17:21-85
138        </intent>
139        <intent>
139-->[:mobilertc:] AndroidManifest.xml:19:9-21:18
140            <action android:name="android.intent.action.VIEW" />
140-->src/main/AndroidManifest.xml:17:13-65
140-->src/main/AndroidManifest.xml:17:21-62
141        </intent>
142        <intent>
142-->[:mobilertc:] AndroidManifest.xml:22:9-24:18
143            <action android:name="android.intent.action.SENDTO" />
143-->[:mobilertc:] AndroidManifest.xml:23:13-67
143-->[:mobilertc:] AndroidManifest.xml:23:21-64
144        </intent>
145        <intent>
145-->[:mobilertc:] AndroidManifest.xml:28:9-30:18
146            <action android:name="android.intent.action.EDIT" />
146-->[:mobilertc:] AndroidManifest.xml:29:13-65
146-->[:mobilertc:] AndroidManifest.xml:29:21-62
147        </intent>
148        <intent>
148-->[:mobilertc:] AndroidManifest.xml:31:9-33:18
149            <action android:name="android.intent.action.GET_CONTENT" />
149-->[:file_picker] AndroidManifest.xml:11:13-72
149-->[:file_picker] AndroidManifest.xml:11:21-69
150        </intent>
151        <intent>
151-->[:mobilertc:] AndroidManifest.xml:34:9-36:18
152            <action android:name="us.zoom.videomeetings.intent.action.JoinBeforeHost" />
152-->[:mobilertc:] AndroidManifest.xml:35:13-89
152-->[:mobilertc:] AndroidManifest.xml:35:21-86
153        </intent>
154        <intent>
154-->[:mobilertc:] AndroidManifest.xml:37:9-39:18
155            <action android:name="us.zoom.videomeetings.intent.action.CallMyPhone" />
155-->[:mobilertc:] AndroidManifest.xml:38:13-86
155-->[:mobilertc:] AndroidManifest.xml:38:21-83
156        </intent>
157        <intent>
157-->[:mobilertc:] AndroidManifest.xml:40:9-42:18
158            <action android:name="us.zoom.videomeetings.intent.action.MeetingInvite" />
158-->[:mobilertc:] AndroidManifest.xml:41:13-88
158-->[:mobilertc:] AndroidManifest.xml:41:21-85
159        </intent>
160    </queries>
161
162    <!-- FB Login -->
163    <queries>
163-->src/main/AndroidManifest.xml:14:5-30:15
164        <provider android:authorities="com.facebook.katana.provider.PlatformProvider" />
164-->src/main/AndroidManifest.xml:34:9-89
164-->src/main/AndroidManifest.xml:34:19-86
165    </queries>
166    <queries>
166-->src/main/AndroidManifest.xml:14:5-30:15
167        <intent>
167-->src/main/AndroidManifest.xml:38:9-41:18
168            <action android:name="android.intent.action.INSERT" />
168-->src/main/AndroidManifest.xml:39:13-67
168-->src/main/AndroidManifest.xml:39:21-64
169
170            <data android:mimeType="vnd.android.cursor.item/event" />
170-->src/main/AndroidManifest.xml:18:13-44
170-->src/main/AndroidManifest.xml:28:19-41
171        </intent>
172    </queries>
173
174    <uses-permission android:name="android.permission.ACCESS_NETWORK_STATE" />
174-->[:firebase_analytics] AndroidManifest.xml:7:5-79
174-->[:firebase_analytics] AndroidManifest.xml:7:22-76
175    <uses-permission android:name="android.permission.WAKE_LOCK" />
175-->[:firebase_analytics] AndroidManifest.xml:9:5-68
175-->[:firebase_analytics] AndroidManifest.xml:9:22-65
176    <uses-permission android:name="android.permission.MANAGE_OWN_CALLS" />
176-->[org.jitsi.react:jitsi-meet-sdk:5.0.2] AndroidManifest.xml:14:5-75
176-->[org.jitsi.react:jitsi-meet-sdk:5.0.2] AndroidManifest.xml:14:22-72
177    <uses-permission android:name="android.permission.MODIFY_AUDIO_SETTINGS" />
177-->[org.jitsi.react:jitsi-meet-sdk:5.0.2] AndroidManifest.xml:15:5-80
177-->[org.jitsi.react:jitsi-meet-sdk:5.0.2] AndroidManifest.xml:15:22-77
178    <uses-permission android:name="android.permission.RECORD_AUDIO" />
178-->[org.jitsi.react:jitsi-meet-sdk:5.0.2] AndroidManifest.xml:16:5-71
178-->[org.jitsi.react:jitsi-meet-sdk:5.0.2] AndroidManifest.xml:16:22-68
179    <uses-permission android:name="android.permission.ACCESS_WIFI_STATE" />
179-->[org.jitsi.react:jitsi-meet-sdk:5.0.2] AndroidManifest.xml:18:5-76
179-->[org.jitsi.react:jitsi-meet-sdk:5.0.2] AndroidManifest.xml:18:22-73
180    <uses-permission android:name="android.permission.FOREGROUND_SERVICE" />
180-->[org.jitsi.react:jitsi-meet-sdk:5.0.2] AndroidManifest.xml:19:5-77
180-->[org.jitsi.react:jitsi-meet-sdk:5.0.2] AndroidManifest.xml:19:22-74
181
182    <uses-feature
182-->[org.jitsi.react:jitsi-meet-sdk:5.0.2] AndroidManifest.xml:21:5-23:35
183        android:glEsVersion="0x00020000"
183-->[org.jitsi.react:jitsi-meet-sdk:5.0.2] AndroidManifest.xml:22:9-41
184        android:required="true" />
184-->[org.jitsi.react:jitsi-meet-sdk:5.0.2] AndroidManifest.xml:23:9-32
185    <uses-feature
185-->[org.jitsi.react:jitsi-meet-sdk:5.0.2] AndroidManifest.xml:24:5-26:36
186        android:name="android.hardware.camera"
186-->[org.jitsi.react:jitsi-meet-sdk:5.0.2] AndroidManifest.xml:25:9-47
187        android:required="false" />
187-->[org.jitsi.react:jitsi-meet-sdk:5.0.2] AndroidManifest.xml:26:9-33
188    <uses-feature
188-->[org.jitsi.react:jitsi-meet-sdk:5.0.2] AndroidManifest.xml:27:5-29:36
189        android:name="android.hardware.camera.autofocus"
189-->[org.jitsi.react:jitsi-meet-sdk:5.0.2] AndroidManifest.xml:28:9-57
190        android:required="false" /> <!-- Required by older versions of Google Play services to create IID tokens -->
190-->[org.jitsi.react:jitsi-meet-sdk:5.0.2] AndroidManifest.xml:29:9-33
191    <uses-permission android:name="com.google.android.c2dm.permission.RECEIVE" />
191-->[com.google.android.gms:play-services-iid:17.0.0] AndroidManifest.xml:23:5-82
191-->[com.google.android.gms:play-services-iid:17.0.0] AndroidManifest.xml:23:22-79
192    <uses-permission android:name="com.google.android.gms.permission.AD_ID" />
192-->[com.facebook.android:audience-network-sdk:6.12.0] AndroidManifest.xml:17:5-79
192-->[com.facebook.android:audience-network-sdk:6.12.0] AndroidManifest.xml:17:22-76
193    <uses-permission android:name="com.google.android.finsky.permission.BIND_GET_INSTALL_REFERRER_SERVICE" />
193-->[com.google.android.gms:play-services-measurement:21.2.0] AndroidManifest.xml:26:5-110
193-->[com.google.android.gms:play-services-measurement:21.2.0] AndroidManifest.xml:26:22-107
194    <uses-permission android:name="android.permission.RECEIVE_BOOT_COMPLETED" />
194-->[androidx.work:work-runtime:2.7.0] AndroidManifest.xml:27:5-81
194-->[androidx.work:work-runtime:2.7.0] AndroidManifest.xml:27:22-78
195
196    <permission
196-->[androidx.core:core:1.9.0] AndroidManifest.xml:22:5-24:47
197        android:name="com.sekho.app.DYNAMIC_RECEIVER_NOT_EXPORTED_PERMISSION"
197-->[androidx.core:core:1.9.0] AndroidManifest.xml:23:9-81
198        android:protectionLevel="signature" />
198-->[androidx.core:core:1.9.0] AndroidManifest.xml:24:9-44
199
200    <uses-permission android:name="com.sekho.app.DYNAMIC_RECEIVER_NOT_EXPORTED_PERMISSION" />
200-->[androidx.core:core:1.9.0] AndroidManifest.xml:26:5-97
200-->[androidx.core:core:1.9.0] AndroidManifest.xml:26:22-94
201
202    <uses-feature
202-->[:mobilertc:] AndroidManifest.xml:52:5-54:36
203        android:name="android.hardware.telephony"
203-->[:mobilertc:] AndroidManifest.xml:53:9-50
204        android:required="false" />
204-->[:mobilertc:] AndroidManifest.xml:54:9-33
205    <uses-feature
205-->[:mobilertc:] AndroidManifest.xml:55:5-57:36
206        android:name="android.hardware.bluetooth"
206-->[:mobilertc:] AndroidManifest.xml:56:9-50
207        android:required="false" />
207-->[:mobilertc:] AndroidManifest.xml:57:9-33
208    <uses-feature
208-->[:mobilertc:] AndroidManifest.xml:58:5-60:36
209        android:name="android.hardware.microphone"
209-->[:mobilertc:] AndroidManifest.xml:59:9-51
210        android:required="false" />
210-->[:mobilertc:] AndroidManifest.xml:60:9-33
211
212    <uses-permission android:name="android.permission.BLUETOOTH_ADMIN" />
212-->[:mobilertc:] AndroidManifest.xml:72:5-74
212-->[:mobilertc:] AndroidManifest.xml:72:22-71
213    <uses-permission android:name="android.permission.BROADCAST_STICKY" />
213-->[:mobilertc:] AndroidManifest.xml:73:5-75
213-->[:mobilertc:] AndroidManifest.xml:73:22-72
214    <uses-permission android:name="android.permission.CALL_PHONE" />
214-->[:mobilertc:] AndroidManifest.xml:75:5-69
214-->[:mobilertc:] AndroidManifest.xml:75:22-66
215    <uses-permission android:name="android.permission.SYSTEM_ALERT_WINDOW" />
215-->[:mobilertc:] AndroidManifest.xml:76:5-78
215-->[:mobilertc:] AndroidManifest.xml:76:22-75
216    <uses-permission android:name="android.permission.USE_FULL_SCREEN_INTENT" />
216-->[:mobilertc:] AndroidManifest.xml:78:5-81
216-->[:mobilertc:] AndroidManifest.xml:78:22-78
217    <uses-permission android:name="android.permission.ACCESS_NOTIFICATION_POLICY" />
217-->[:mobilertc:] AndroidManifest.xml:79:5-85
217-->[:mobilertc:] AndroidManifest.xml:79:22-82
218
219    <application
219-->src/main/AndroidManifest.xml:44:4-138:19
220        android:allowBackup="false"
220-->src/main/AndroidManifest.xml:46:8-35
221        android:appComponentFactory="androidx.core.app.CoreComponentFactory"
221-->[androidx.core:core:1.9.0] AndroidManifest.xml:28:18-86
222        android:extractNativeLibs="false"
223        android:hardwareAccelerated="true"
223-->[:facebook_audience_network] AndroidManifest.xml:7:18-52
224        android:icon="@mipmap/ic_launcher"
224-->src/main/AndroidManifest.xml:48:8-42
225        android:label="Sekho"
225-->src/main/AndroidManifest.xml:45:8-29
226        android:largeHeap="true"
226-->src/main/AndroidManifest.xml:50:8-32
227        android:networkSecurityConfig="@xml/network_security_config"
227-->[:mobilertc:] AndroidManifest.xml:83:9-69
228        android:resizeableActivity="true"
228-->[:mobilertc:] AndroidManifest.xml:84:9-42
229        android:supportsRtl="true"
229-->[lk.payhere:androidsdk:3.0.4] AndroidManifest.xml:15:9-35
230        android:usesCleartextTraffic="false" >
230-->[:mobilertc:] AndroidManifest.xml:85:9-45
231
232        <!-- Only add it if you need Auto OTP reading feature is enabled -->
233        <meta-data
233-->src/main/AndroidManifest.xml:53:8-54:68
234            android:name="com.google.android.gms.version"
234-->src/main/AndroidManifest.xml:53:19-64
235            android:value="@integer/google_play_services_version" />
235-->src/main/AndroidManifest.xml:54:12-65
236
237        <!-- Google Map -->
238        <meta-data
238-->src/main/AndroidManifest.xml:57:8-58:59
239            android:name="com.google.android.geo.API_KEY"
239-->src/main/AndroidManifest.xml:57:19-64
240            android:value="ENTER_GOOGLE_MAP_API_KEY_HERE" />
240-->src/main/AndroidManifest.xml:58:12-57
241
242        <provider
243            android:name="vn.hunghd.flutterdownloader.DownloadedFileProvider"
243-->src/main/AndroidManifest.xml:61:12-77
244            android:authorities="com.sekho.app.flutter_downloader.provider"
244-->src/main/AndroidManifest.xml:62:12-78
245            android:exported="false"
245-->src/main/AndroidManifest.xml:63:12-36
246            android:grantUriPermissions="true" >
246-->src/main/AndroidManifest.xml:64:12-46
247            <meta-data
247-->src/main/AndroidManifest.xml:65:12-67:56
248                android:name="android.support.FILE_PROVIDER_PATHS"
248-->src/main/AndroidManifest.xml:66:16-66
249                android:resource="@xml/provider_paths" />
249-->src/main/AndroidManifest.xml:67:16-54
250        </provider>
251
252        <activity
252-->src/main/AndroidManifest.xml:70:9-99:20
253            android:name="com.sekho.app.MainActivity"
253-->src/main/AndroidManifest.xml:71:13-41
254            android:configChanges="orientation|keyboardHidden|keyboard|screenSize|smallestScreenSize|locale|layoutDirection|fontScale|screenLayout|density|uiMode"
254-->src/main/AndroidManifest.xml:75:13-163
255            android:exported="true"
255-->src/main/AndroidManifest.xml:72:13-36
256            android:hardwareAccelerated="true"
256-->src/main/AndroidManifest.xml:76:13-47
257            android:launchMode="singleTop"
257-->src/main/AndroidManifest.xml:73:13-43
258            android:theme="@style/LaunchTheme"
258-->src/main/AndroidManifest.xml:74:13-47
259            android:windowSoftInputMode="adjustResize" >
259-->src/main/AndroidManifest.xml:77:13-55
260
261            <!--
262                 Specifies an Android theme to apply to this Activity as soon as
263                 the Android process has started. This theme is visible to the user
264                 while the Flutter UI initializes. After that, this theme continues
265                 to determine the Window background behind the Flutter UI.
266            -->
267            <meta-data
267-->src/main/AndroidManifest.xml:82:13-85:17
268                android:name="io.flutter.embedding.android.NormalTheme"
268-->src/main/AndroidManifest.xml:83:15-70
269                android:resource="@style/NormalTheme" />
269-->src/main/AndroidManifest.xml:84:15-52
270            <!--
271                 Displays an Android View that continues showing the launch screen
272                 Drawable until Flutter paints its first frame, then this splash
273                 screen fades out. A splash screen is useful to avoid any visual
274                 gap between the end of Android's launch screen and the painting of
275                 Flutter's first frame.
276            -->
277            <meta-data
277-->src/main/AndroidManifest.xml:91:13-94:17
278                android:name="io.flutter.embedding.android.SplashScreenDrawable"
278-->src/main/AndroidManifest.xml:92:15-79
279                android:resource="@drawable/launch_background" />
279-->src/main/AndroidManifest.xml:93:15-61
280
281            <intent-filter>
281-->src/main/AndroidManifest.xml:95:13-98:29
282                <action android:name="android.intent.action.MAIN" />
282-->src/main/AndroidManifest.xml:96:17-68
282-->src/main/AndroidManifest.xml:96:25-66
283
284                <category android:name="android.intent.category.LAUNCHER" />
284-->src/main/AndroidManifest.xml:97:17-76
284-->src/main/AndroidManifest.xml:97:27-74
285            </intent-filter>
286        </activity>
287
288        <!-- Facebook Login -->
289        <meta-data
289-->src/main/AndroidManifest.xml:102:8-106
290            android:name="com.facebook.sdk.ApplicationId"
290-->src/main/AndroidManifest.xml:102:19-64
291            android:value="@string/facebook_app_id" />
291-->src/main/AndroidManifest.xml:102:65-104
292        <meta-data
292-->src/main/AndroidManifest.xml:103:8-110
293            android:name="com.facebook.sdk.ClientToken"
293-->src/main/AndroidManifest.xml:103:19-62
294            android:value="@string/facebook_client_token" />
294-->src/main/AndroidManifest.xml:103:63-108
295
296        <activity
296-->src/main/AndroidManifest.xml:105:8-107:47
297            android:name="com.facebook.FacebookActivity"
297-->src/main/AndroidManifest.xml:105:18-62
298            android:configChanges="keyboard|keyboardHidden|screenLayout|screenSize|orientation"
298-->src/main/AndroidManifest.xml:106:12-95
299            android:label="@string/app_name"
299-->src/main/AndroidManifest.xml:107:12-44
300            android:theme="@style/com_facebook_activity_theme" />
300-->[com.facebook.android:facebook-common:15.0.2] AndroidManifest.xml:37:13-63
301        <activity
301-->src/main/AndroidManifest.xml:108:8-117:19
302            android:name="com.facebook.CustomTabActivity"
302-->src/main/AndroidManifest.xml:109:12-57
303            android:exported="true" >
303-->src/main/AndroidManifest.xml:110:12-35
304            <intent-filter>
304-->src/main/AndroidManifest.xml:111:12-116:28
305                <action android:name="android.intent.action.VIEW" />
305-->src/main/AndroidManifest.xml:17:13-65
305-->src/main/AndroidManifest.xml:17:21-62
306
307                <category android:name="android.intent.category.DEFAULT" />
307-->src/main/AndroidManifest.xml:113:16-75